<?xml version="1.0" encoding="UTF-8"?>
<!-- Generated by org.testng.reporters.JUnitReportReporter -->
<testsuite hostname="LIN-FLKNBK3" failures="0" tests="2" name="TestRunner.CucumberTestRunner" time="13.169" errors="0" timestamp="2024-12-19T22:13:52 IST" skipped="0">
  <testcase classname="TestRunner.CucumberTestRunner" name="runScenario" time="4.080"/>
  <testcase classname="TestRunner.CucumberTestRunner" name="runScenario" time="9.089"/>
</testsuite> <!-- TestRunner.CucumberTestRunner -->
