<?xml version="1.0" encoding="UTF-8"?>
<!-- Generated by org.testng.reporters.JUnitReportReporter -->
<testsuite hostname="LIN-PG02HCEF" failures="0" tests="5" name="com.Runner.TestNGRunner" time="67.733" errors="0" timestamp="2024-12-24T16:45:40 IST" skipped="0">
  <testcase classname="com.Runner.TestNGRunner" name="runScenario" time="14.019"/>
  <testcase classname="com.Runner.TestNGRunner" name="runScenario" time="8.000"/>
  <testcase classname="com.Runner.TestNGRunner" name="runScenario" time="19.397"/>
  <testcase classname="com.Runner.TestNGRunner" name="runScenario" time="16.518"/>
  <testcase classname="com.Runner.TestNGRunner" name="runScenario" time="9.799"/>
</testsuite> <!-- com.Runner.TestNGRunner -->
