<?xml version="1.0" encoding="UTF-8"?>
<!-- Generated by org.testng.reporters.JUnitReportReporter -->
<testsuite hostname="LIN-FLKNBK3" failures="0" tests="6" name="TestRunner.TestRunnerTestNG" time="77.206" errors="0" timestamp="2024-12-24T17:10:16 IST" skipped="0">
  <testcase classname="TestRunner.TestRunnerTestNG" name="runScenario" time="10.017"/>
  <system-out/>
  <testcase classname="TestRunner.TestRunnerTestNG" name="runScenario" time="29.199"/>
  <system-out/>
  <testcase classname="TestRunner.TestRunnerTestNG" name="runScenario" time="9.330"/>
  <system-out/>
  <testcase classname="TestRunner.TestRunnerTestNG" name="runScenario" time="8.850"/>
  <system-out/>
  <testcase classname="TestRunner.TestRunnerTestNG" name="runScenario" time="9.018"/>
  <system-out/>
  <testcase classname="TestRunner.TestRunnerTestNG" name="runScenario" time="10.792"/>
  <system-out/>
</testsuite> <!-- TestRunner.TestRunnerTestNG -->
