<?xml version="1.0" encoding="UTF-8"?>
<!-- Generated by org.testng.reporters.JUnitReportReporter -->
<testsuite hostname="LIN-PG02HC4J" failures="0" tests="6" name="TestRunner.CucumberTestRunner" time="75.418" errors="0" timestamp="2024-12-23T09:35:16 IST" skipped="0">
  <testcase classname="TestRunner.CucumberTestRunner" name="runScenario" time="13.748"/>
  <testcase classname="TestRunner.CucumberTestRunner" name="runScenario" time="6.899"/>
  <testcase classname="TestRunner.CucumberTestRunner" name="runScenario" time="9.340"/>
  <testcase classname="TestRunner.CucumberTestRunner" name="runScenario" time="22.512"/>
  <testcase classname="TestRunner.CucumberTestRunner" name="runScenario" time="13.737"/>
  <testcase classname="TestRunner.CucumberTestRunner" name="runScenario" time="9.182"/>
</testsuite> <!-- TestRunner.CucumberTestRunner -->
