<?xml version="1.0" encoding="UTF-8"?>
<!-- Generated by org.testng.reporters.JUnitReportReporter -->
<testsuite hostname="LIN-PG02HC4J" failures="0" tests="6" name="com.runner.TestRunnerTestNG" time="72.411" errors="0" timestamp="2024-12-23T21:09:13 IST" skipped="0">
  <testcase classname="com.runner.TestRunnerTestNG" name="runScenario" time="7.937"/>
  <testcase classname="com.runner.TestRunnerTestNG" name="runScenario" time="4.907"/>
  <testcase classname="com.runner.TestRunnerTestNG" name="runScenario" time="13.082"/>
  <testcase classname="com.runner.TestRunnerTestNG" name="runScenario" time="13.099"/>
  <testcase classname="com.runner.TestRunnerTestNG" name="runScenario" time="10.042"/>
  <testcase classname="com.runner.TestRunnerTestNG" name="runScenario" time="23.344"/>
</testsuite> <!-- com.runner.TestRunnerTestNG -->
