<?xml version="1.0" encoding="UTF-8"?>
<!-- Generated by org.testng.reporters.JUnitReportReporter -->
<testsuite hostname="LIN-PG02HCEF" failures="0" tests="5" name="TestRunner.TestNGRunner" time="65.527" errors="0" timestamp="2024-12-24T16:33:07 IST" skipped="0">
  <testcase classname="TestRunner.TestNGRunner" name="runScenario" time="20.165"/>
  <testcase classname="TestRunner.TestNGRunner" name="runScenario" time="8.898"/>
  <testcase classname="TestRunner.TestNGRunner" name="runScenario" time="13.181"/>
  <testcase classname="TestRunner.TestNGRunner" name="runScenario" time="6.668"/>
  <testcase classname="TestRunner.TestNGRunner" name="runScenario" time="16.615"/>
</testsuite> <!-- TestRunner.TestNGRunner -->
