<?xml version="1.0" encoding="UTF-8"?>
<!-- Generated by org.testng.reporters.JUnitReportReporter -->
<testsuite hostname="LIN-PG02HC4J" failures="0" tests="6" name="com.runner.TestRunnerTestNG" time="79.209" errors="0" timestamp="2024-12-24T15:01:21 IST" skipped="0">
  <testcase classname="com.runner.TestRunnerTestNG" name="runScenario" time="12.848"/>
  <testcase classname="com.runner.TestRunnerTestNG" name="runScenario" time="17.590"/>
  <testcase classname="com.runner.TestRunnerTestNG" name="runScenario" time="15.288"/>
  <testcase classname="com.runner.TestRunnerTestNG" name="runScenario" time="10.242"/>
  <testcase classname="com.runner.TestRunnerTestNG" name="runScenario" time="15.442"/>
  <testcase classname="com.runner.TestRunnerTestNG" name="runScenario" time="7.799"/>
</testsuite> <!-- com.runner.TestRunnerTestNG -->
