<?xml version="1.0" encoding="UTF-8"?>
<!-- Generated by org.testng.reporters.JUnitReportReporter -->
<testsuite hostname="LIN-FLKNBK3" failures="0" tests="5" name="TestRunner.TestRunnerJunit" time="73.149" errors="0" timestamp="2024-12-24T14:37:50 IST" skipped="0">
  <testcase classname="TestRunner.TestRunnerJunit" name="runScenario" time="11.446"/>
  <system-out/>
  <testcase classname="TestRunner.TestRunnerJunit" name="runScenario" time="29.741"/>
  <system-out/>
  <testcase classname="TestRunner.TestRunnerJunit" name="runScenario" time="9.223"/>
  <system-out/>
  <testcase classname="TestRunner.TestRunnerJunit" name="runScenario" time="13.177"/>
  <system-out/>
  <testcase classname="TestRunner.TestRunnerJunit" name="runScenario" time="9.562"/>
  <system-out/>
</testsuite> <!-- TestRunner.TestRunnerJunit -->
