<?xml version="1.0" encoding="UTF-8"?>
<!-- Generated by org.testng.reporters.JUnitReportReporter -->
<testsuite hostname="LIN-FLKNBK3" failures="0" tests="5" name="TestRunner.CucumberTestRunner" time="86.882" errors="0" timestamp="2024-12-24T09:36:35 IST" skipped="0">
  <testcase classname="TestRunner.CucumberTestRunner" name="runScenario" time="42.729"/>
  <system-out/>
  <testcase classname="TestRunner.CucumberTestRunner" name="runScenario" time="10.139"/>
  <system-out/>
  <testcase classname="TestRunner.CucumberTestRunner" name="runScenario" time="12.765"/>
  <system-out/>
  <testcase classname="TestRunner.CucumberTestRunner" name="runScenario" time="9.424"/>
  <system-out/>
  <testcase classname="TestRunner.CucumberTestRunner" name="runScenario" time="11.825"/>
  <system-out/>
</testsuite> <!-- TestRunner.CucumberTestRunner -->
