<?xml version="1.0" encoding="UTF-8"?>
<!-- Generated by org.testng.reporters.JUnitReportReporter -->
<testsuite hostname="LIN-FLKNBK3" failures="0" tests="5" name="TestRunner.TestRunnerExtendedTestNG" time="76.516" errors="0" timestamp="2024-12-23T21:54:13 IST" skipped="0">
  <testcase classname="TestRunner.TestRunnerExtendedTestNG" name="runScenario" time="8.027"/>
  <system-out/>
  <testcase classname="TestRunner.TestRunnerExtendedTestNG" name="runScenario" time="10.075"/>
  <system-out/>
  <testcase classname="TestRunner.TestRunnerExtendedTestNG" name="runScenario" time="40.010"/>
  <system-out/>
  <testcase classname="TestRunner.TestRunnerExtendedTestNG" name="runScenario" time="7.734"/>
  <system-out/>
  <testcase classname="TestRunner.TestRunnerExtendedTestNG" name="runScenario" time="10.670"/>
  <system-out/>
</testsuite> <!-- TestRunner.TestRunnerExtendedTestNG -->
