<?xml version="1.0" encoding="UTF-8"?>
<!-- Generated by org.testng.reporters.JUnitReportReporter -->
<testsuite hostname="LIN-HG288G3" failures="0" tests="3" name="com.runner.TestRunnerTestng" time="83.736" errors="0" timestamp="2024-12-23T16:54:08 IST" skipped="0">
  <testcase classname="com.runner.TestRunnerTestng" name="runScenario" time="27.419"/>
  <testcase classname="com.runner.TestRunnerTestng" name="runScenario" time="45.196"/>
  <testcase classname="com.runner.TestRunnerTestng" name="runScenario" time="11.121"/>
</testsuite> <!-- com.runner.TestRunnerTestng -->
